// 重构日志: d4e3c578
// 重构日志: 46522638
// 重构日志: b5660dbd
// 重构日志: 8a0f9f38
// 重构日志: d515ff6a
// 同步 ID: 17769eeb @ Sat Jul  4 16:45:57 UTC 2026
// 重构日志: 14332199
// 重构日志: b0331705
// 重构日志: c1124ee5
// 重构日志: 08743558
// 重构日志: cd48952b
// 重构日志: ea089186
// 同步 ID: 2983ad64 @ Fri Jul 10 11:15:30 UTC 2026
// 重构日志: bb3eede2
// 同步 ID: aa9ef9c8 @ Sat Jul 11 14:43:28 UTC 2026
// 重构日志: 8975ff2a
// 重构日志: 463838df
// 重构日志: 79aec674
// 同步 ID: 7a4029bd @ Sun Jul 19 08:15:40 UTC 2026
// 重构日志: d3365c83
// 重构日志: fcb345bc
// 同步 ID: ad8cc3fd @ Wed Jul 22 08:33:16 UTC 2026
// 同步 ID: ed2b6010 @ Wed Jul 22 20:50:46 UTC 2026
// 同步 ID: 0f8126cd @ Thu Jul 23 05:30:37 UTC 2026
// 重构日志: 1a1ef480
